<?xml version="1.0" encoding="UTF-8"?>
<!-- Generated by org.testng.reporters.JUnitReportReporter -->
<testsuite hostname="AnuPC" failures="0" tests="3" name="qamilestone.FirstTest" time="0.003" errors="0" timestamp="2020-06-30T16:06:06 GST" skipped="0">
  <testcase classname="qamilestone.FirstTest" name="logout" time="0.000"/>
  <system-out/>
  <testcase classname="qamilestone.FirstTest" name="login" time="0.003"/>
  <system-out/>
  <testcase classname="qamilestone.FirstTest" name="working" time="0.000"/>
  <system-out/>
</testsuite> <!-- qamilestone.FirstTest -->
